(THU.CST) os is loading ...

Special kernel symbols:
  entry  0xc010002a (phys)
  etext  0xc010613b (phys)
  edata  0xc0117a36 (phys)
  end    0xc0118968 (phys)
Kernel executable memory footprint: 99KB
ebp:0xc0116f38 eip:0xc01009d5 args:ox00010094 ox00000000 oxc0116f68 oxc01000c1 
    kern/debug/kdebug.c:308: print_stackframe+21
ebp:0xc0116f48 eip:0xc0100cc4 args:ox00000000 ox00000000 ox00000000 oxc0116fb8 
    kern/debug/kmonitor.c:129: mon_backtrace+10
ebp:0xc0116f68 eip:0xc01000c1 args:ox00000000 oxc0116f90 oxffff0000 oxc0116f94 
    kern/init/init.c:49: grade_backtrace2+33
ebp:0xc0116f88 eip:0xc01000ea args:ox00000000 oxffff0000 oxc0116fb4 ox00000029 
    kern/init/init.c:54: grade_backtrace1+38
ebp:0xc0116fa8 eip:0xc0100108 args:ox00000000 oxc010002a oxffff0000 ox0000001d 
    kern/init/init.c:59: grade_backtrace0+23
ebp:0xc0116fc8 eip:0xc010012d args:oxc010615c oxc0106140 ox00000f32 ox00000000 
    kern/init/init.c:64: grade_backtrace+34
ebp:0xc0116ff8 eip:0xc010007f args:ox00000000 ox00000000 ox0000ffff ox40cf9a00 
    kern/init/init.c:29: kern_init+84
memory management: default_pmm_manager
e820map:
  memory: 0009fc00, [00000000, 0009fbff], type = 1.
  memory: 00000400, [0009fc00, 0009ffff], type = 2.
  memory: 00010000, [000f0000, 000fffff], type = 2.
  memory: 07efe000, [00100000, 07ffdfff], type = 1.
  memory: 00002000, [07ffe000, 07ffffff], type = 2.
  memory: 00040000, [fffc0000, ffffffff], type = 2.
check_alloc_page() succeeded!
check_pgdir() succeeded!
check_boot_pgdir() succeeded!
-------------------- BEGIN --------------------
PDE(0e0) c0000000-f8000000 38000000 urw
  |-- PTE(38000) c0000000-f8000000 38000000 -rw
PDE(001) fac00000-fb000000 00400000 -rw
  |-- PTE(000e0) faf00000-fafe0000 000e0000 urw
  |-- PTE(00001) fafeb000-fafec000 00001000 -rw
--------------------- END ---------------------
++ setup timer interrupts
0: @ring 0
0:  cs = 8
0:  ds = 10
0:  es = 10
0:  ss = 10
+++ switch to  user  mode +++
1: @ring 0
1:  cs = 8
1:  ds = 10
1:  es = 10
1:  ss = 10
+++ switch to kernel mode +++
2: @ring 0
2:  cs = 8
2:  ds = 10
2:  es = 10
2:  ss = 10
100 ticks
End of Test.
kernel panic at kern/trap/trap.c:18:
    EOT: kernel seems ok.
Welcome to the kernel debug monitor!!
Type 'help' for a list of commands.
K> 